<?xml version="1.0" encoding="utf-8"?><testsuites name="pytest tests"><testsuite name="pytest" errors="0" failures="0" skipped="0" tests="20" time="59.183" timestamp="2026-05-17T09:10:29.705025+00:00" hostname="agent-env-8cb1732e-e7a9-4da8-bd85-7b352770ce31"><testcase classname="backend.tests.test_mempalace.TestHealth" name="test_mempalace_health" time="0.145" /><testcase classname="backend.tests.test_mempalace.TestHealth" name="test_app_health" time="0.044" /><testcase classname="backend.tests.test_mempalace.TestStore" name="test_store_basic_russian_utf8" time="0.566" /><testcase classname="backend.tests.test_mempalace.TestStore" name="test_store_safe_name_sanitisation" time="0.324" /><testcase classname="backend.tests.test_mempalace.TestStore" name="test_store_empty_content_rejected" time="0.043" /><testcase classname="backend.tests.test_mempalace.TestStore" name="test_store_missing_content_422" time="0.042" /><testcase classname="backend.tests.test_mempalace.TestStore" name="test_store_concurrent" time="2.863" /><testcase classname="backend.tests.test_mempalace.TestStore" name="test_store_concurrent_stress_10" time="5.541" /><testcase classname="backend.tests.test_mempalace.TestSearch" name="test_search_semantic_returns_results" time="2.384" /><testcase classname="backend.tests.test_mempalace.TestSearch" name="test_search_similarity_equals_one_minus_distance" time="0.222" /><testcase classname="backend.tests.test_mempalace.TestSearch" name="test_search_filter_by_wing" time="0.315" /><testcase classname="backend.tests.test_mempalace.TestSearch" name="test_search_filter_by_wing_and_room" time="0.203" /><testcase classname="backend.tests.test_mempalace.TestSearch" name="test_search_empty_query" time="0.049" /><testcase classname="backend.tests.test_mempalace.TestSearch" name="test_search_top_k_respected" time="0.169" /><testcase classname="backend.tests.test_mempalace.TestWings" name="test_list_wings_structure" time="0.047" /><testcase classname="backend.tests.test_mempalace.TestChatStreamAutosave" name="test_chat_stream_writes_to_mempalace" time="17.370" /><testcase classname="backend.tests.test_mempalace.TestChatStreamAutosave" name="test_concurrent_streams_each_persist" time="10.844" /><testcase classname="backend.tests.test_mempalace.TestRegression" name="test_memory_store_and_search" time="0.587" /><testcase classname="backend.tests.test_mempalace.TestRegression" name="test_chat_non_stream" time="8.146" /><testcase classname="backend.tests.test_mempalace.TestRegression" name="test_hermes_chat" time="8.992" /></testsuite></testsuites>