<?xml version="1.0" encoding="utf-8"?><testsuites name="pytest tests"><testsuite name="pytest" errors="0" failures="0" skipped="0" tests="18" time="56.243" timestamp="2026-06-26T08:50:07.148712+00:00" hostname="agent-env-583e3706-000a-478f-b045-ff9e7e46a2da"><testcase classname="tests.test_hermes_ultra.TestHermesUltraEndpoint" name="test_ultra_basic_assistant" time="1.342" /><testcase classname="tests.test_hermes_ultra.TestHermesUltraEndpoint" name="test_ultra_read_only" time="0.001" /><testcase classname="tests.test_hermes_ultra.TestHermesUltraEndpoint" name="test_ultra_controlled_automation_gate" time="0.000" /><testcase classname="tests.test_hermes_ultra.TestHermesUltraEndpoint" name="test_ultra_session_continuity" time="0.001" /><testcase classname="tests.test_hermes_ultra.TestHermesUltraEndpoint" name="test_ultra_invalid_autonomy_falls_back" time="0.000" /><testcase classname="tests.test_hermes_ultra.TestRegressionHermesV12" name="test_hermes_chat_v12" time="0.012" /><testcase classname="tests.test_hermes_ultra.TestRegressionHermesV12" name="test_hermes_daily_digest" time="0.001" /><testcase classname="tests.test_hermes_ultra.TestRegressionHermesV12" name="test_hermes_health" time="0.001" /><testcase classname="tests.test_hermes_ultra.TestRegressionHermesV12" name="test_requests_feed" time="0.000" /><testcase classname="tests.test_hermes_ultra.TestRegressionHermesV12" name="test_chat_orchestrator" time="0.000" /><testcase classname="tests.test_hermes_ultra.TestUnitToolsAndPersistence" name="test_extract_tool_calls_parses_json_block" time="0.000" /><testcase classname="tests.test_hermes_ultra.TestUnitToolsAndPersistence" name="test_extract_tool_calls_ignores_unknown_tool" time="0.000" /><testcase classname="tests.test_hermes_ultra.TestUnitToolsAndPersistence" name="test_extract_tool_calls_multiple" time="0.000" /><testcase classname="tests.test_hermes_ultra.TestUnitToolsAndPersistence" name="test_tools_node_executes_create_task_and_persists" time="0.008" /><testcase classname="tests.test_hermes_ultra.TestUnitToolsAndPersistence" name="test_communication_tools_real_llm_backed" time="54.809" /><testcase classname="tests.test_hermes_ultra.TestUnitToolsAndPersistence" name="test_communication_tools_validate_input" time="0.001" /><testcase classname="tests.test_hermes_ultra.TestUnitToolsAndPersistence" name="test_real_tools_no_mock_field" time="0.005" /><testcase classname="tests.test_hermes_ultra.TestUnitToolsAndPersistence" name="test_ultra_persists_session_messages" time="0.016" /></testsuite></testsuites>