<?xml version="1.0" encoding="utf-8"?><testsuites name="pytest tests"><testsuite name="pytest" errors="0" failures="0" skipped="0" tests="13" time="91.027" timestamp="2026-05-20T15:55:29.598598+00:00" hostname="agent-env-d63a3d3d-2201-47b2-8e54-8805ddeec306"><testcase classname="tests.test_p0_unification" name="test_hermes_unification_imports_and_tools" time="0.070" /><testcase classname="tests.test_p0_unification" name="test_hermes_chat_returns_pipeline_keys" time="3.640" /><testcase classname="tests.test_p0_unification" name="test_hermes_ultra_returns_pipeline_keys" time="36.125" /><testcase classname="tests.test_p0_unification" name="test_persona_hermes_chat_returns_pipeline_keys" time="3.010" /><testcase classname="tests.test_p0_unification" name="test_voice_converse_pipeline_keys" time="8.075" /><testcase classname="tests.test_p0_unification" name="test_chat_stream_done_keys" time="4.508" /><testcase classname="tests.test_p0_unification" name="test_requests_lists_all_channels" time="0.145" /><testcase classname="tests.test_p0_unification" name="test_roi_current_by_agent_cost_covers_channels" time="0.091" /><testcase classname="tests.test_p0_unification" name="test_create_followup_lands_in_tasks_collection" time="18.625" /><testcase classname="tests.test_p0_unification" name="test_documents_upload_response_shape" time="14.528" /><testcase classname="tests.test_p0_unification" name="test_documents_list_and_get" time="0.166" /><testcase classname="tests.test_p0_unification" name="test_mempalace_search_finds_uploaded_document" time="0.717" /><testcase classname="tests.test_p0_unification" name="test_persona_compliance_uses_documents_wing" time="1.304" /></testsuite></testsuites>