<?xml version="1.0" encoding="utf-8"?><testsuites name="pytest tests"><testsuite name="pytest" errors="0" failures="0" skipped="0" tests="10" time="0.152" timestamp="2026-06-27T01:34:01.940636+00:00" hostname="agent-env-583e3706-000a-478f-b045-ff9e7e46a2da"><testcase classname="tests.test_human_approval_loop_fix.TestHumanApprovalLoopFix" name="test_router_returns_end_when_approval_required_not_approved" time="0.126" /><testcase classname="tests.test_human_approval_loop_fix.TestHumanApprovalLoopFix" name="test_router_does_not_return_human_approval" time="0.000" /><testcase classname="tests.test_human_approval_loop_fix.TestHumanApprovalLoopFix" name="test_human_approval_node_does_not_exist" time="0.000" /><testcase classname="tests.test_human_approval_loop_fix.TestHumanApprovalLoopFix" name="test_graph_has_no_human_approval_node" time="0.000" /><testcase classname="tests.test_human_approval_loop_fix.TestHumanApprovalLoopFix" name="test_build_graph_source_has_no_human_approval" time="0.000" /><testcase classname="tests.test_human_approval_loop_fix.TestHumanApprovalLoopFix" name="test_router_valid_return_values" time="0.000" /><testcase classname="tests.test_human_approval_loop_fix.TestHumanApprovalLoopFix" name="test_module_imports_successfully" time="0.000" /><testcase classname="tests.test_human_approval_loop_fix.TestHumanApprovalLoopFix" name="test_graph_compiles_successfully" time="0.000" /><testcase classname="tests.test_human_approval_loop_fix.TestRouterEdgeCases" name="test_approval_required_and_approved_continues" time="0.000" /><testcase classname="tests.test_human_approval_loop_fix.TestRouterEdgeCases" name="test_approval_required_with_pending_tools_still_ends" time="0.000" /></testsuite></testsuites>