<?xml version="1.0" encoding="utf-8"?><testsuites name="pytest tests"><testsuite name="pytest" errors="0" failures="0" skipped="0" tests="17" time="155.920" timestamp="2026-05-17T04:20:58.803401+00:00" hostname="agent-env-76533a7f-6f57-4a7e-8571-3ec585db2743"><testcase classname="backend.tests.test_hermes_ultra.TestHermesUltraEndpoint" name="test_ultra_basic_assistant" time="8.888" /><testcase classname="backend.tests.test_hermes_ultra.TestHermesUltraEndpoint" name="test_ultra_read_only" time="15.536" /><testcase classname="backend.tests.test_hermes_ultra.TestHermesUltraEndpoint" name="test_ultra_controlled_automation_gate" time="28.758" /><testcase classname="backend.tests.test_hermes_ultra.TestHermesUltraEndpoint" name="test_ultra_session_continuity" time="42.673" /><testcase classname="backend.tests.test_hermes_ultra.TestHermesUltraEndpoint" name="test_ultra_invalid_autonomy_falls_back" time="16.811" /><testcase classname="backend.tests.test_hermes_ultra.TestRegressionHermesV12" name="test_hermes_chat_v12" time="19.430" /><testcase classname="backend.tests.test_hermes_ultra.TestRegressionHermesV12" name="test_hermes_daily_digest" time="1.013" /><testcase classname="backend.tests.test_hermes_ultra.TestRegressionHermesV12" name="test_hermes_health" time="0.070" /><testcase classname="backend.tests.test_hermes_ultra.TestRegressionHermesV12" name="test_requests_feed" time="0.049" /><testcase classname="backend.tests.test_hermes_ultra.TestRegressionHermesV12" name="test_chat_orchestrator" time="6.972" /><testcase classname="backend.tests.test_hermes_ultra.TestUnitToolsAndPersistence" name="test_extract_tool_calls_parses_json_block" time="0.159" /><testcase classname="backend.tests.test_hermes_ultra.TestUnitToolsAndPersistence" name="test_extract_tool_calls_ignores_unknown_tool" time="0.000" /><testcase classname="backend.tests.test_hermes_ultra.TestUnitToolsAndPersistence" name="test_extract_tool_calls_multiple" time="0.000" /><testcase classname="backend.tests.test_hermes_ultra.TestUnitToolsAndPersistence" name="test_tools_node_executes_create_task_and_persists" time="0.108" /><testcase classname="backend.tests.test_hermes_ultra.TestUnitToolsAndPersistence" name="test_stub_tools_return_mock_true" time="0.001" /><testcase classname="backend.tests.test_hermes_ultra.TestUnitToolsAndPersistence" name="test_real_tools_no_mock_field" time="0.895" /><testcase classname="backend.tests.test_hermes_ultra.TestUnitToolsAndPersistence" name="test_ultra_persists_session_messages" time="14.529" /></testsuite></testsuites>