<?xml version="1.0" encoding="utf-8"?><testsuites name="pytest tests"><testsuite name="pytest" errors="0" failures="0" skipped="0" tests="17" time="45.864" timestamp="2026-05-17T09:05:50.280640+00:00" hostname="agent-env-8cb1732e-e7a9-4da8-bd85-7b352770ce31"><testcase classname="backend.tests.test_mempalace.TestHealth" name="test_mempalace_health" time="0.231" /><testcase classname="backend.tests.test_mempalace.TestHealth" name="test_app_health" time="0.050" /><testcase classname="backend.tests.test_mempalace.TestStore" name="test_store_basic_russian_utf8" time="0.460" /><testcase classname="backend.tests.test_mempalace.TestStore" name="test_store_safe_name_sanitisation" time="0.477" /><testcase classname="backend.tests.test_mempalace.TestStore" name="test_store_empty_content_rejected" time="0.041" /><testcase classname="backend.tests.test_mempalace.TestStore" name="test_store_missing_content_422" time="0.050" /><testcase classname="backend.tests.test_mempalace.TestSearch" name="test_search_semantic_returns_results" time="2.305" /><testcase classname="backend.tests.test_mempalace.TestSearch" name="test_search_similarity_equals_one_minus_distance" time="0.297" /><testcase classname="backend.tests.test_mempalace.TestSearch" name="test_search_filter_by_wing" time="0.219" /><testcase classname="backend.tests.test_mempalace.TestSearch" name="test_search_filter_by_wing_and_room" time="0.216" /><testcase classname="backend.tests.test_mempalace.TestSearch" name="test_search_empty_query" time="0.038" /><testcase classname="backend.tests.test_mempalace.TestSearch" name="test_search_top_k_respected" time="0.245" /><testcase classname="backend.tests.test_mempalace.TestWings" name="test_list_wings_structure" time="0.040" /><testcase classname="backend.tests.test_mempalace.TestChatStreamAutosave" name="test_chat_stream_writes_to_mempalace" time="13.178" /><testcase classname="backend.tests.test_mempalace.TestRegression" name="test_memory_store_and_search" time="0.592" /><testcase classname="backend.tests.test_mempalace.TestRegression" name="test_chat_non_stream" time="14.622" /><testcase classname="backend.tests.test_mempalace.TestRegression" name="test_hermes_chat" time="12.696" /></testsuite></testsuites>