<?xml version="1.0" encoding="utf-8"?><testsuites name="pytest tests"><testsuite name="pytest" errors="0" failures="0" skipped="0" tests="13" time="19.172" timestamp="2026-06-04T01:47:59.541447+00:00" hostname="agent-env-82f58de7-5409-494a-83ad-b41a46940441"><testcase classname="backend.tests.test_onboarding" name="test_funnel_stats" time="0.221" /><testcase classname="backend.tests.test_onboarding" name="test_insight_static_en_ecommerce" time="0.106" /><testcase classname="backend.tests.test_onboarding" name="test_insight_llm_fallback_ru" time="1.364" /><testcase classname="backend.tests.test_onboarding" name="test_verify_code_valid" time="0.174" /><testcase classname="backend.tests.test_onboarding" name="test_verify_code_unknown" time="0.152" /><testcase classname="backend.tests.test_onboarding" name="test_verify_code_format" time="0.173" /><testcase classname="backend.tests.test_onboarding" name="test_profile_save_with_access_code" time="0.395" /><testcase classname="backend.tests.test_onboarding" name="test_profile_save_without_access_code" time="0.144" /><testcase classname="backend.tests.test_onboarding" name="test_profile_missing_required_field" time="0.138" /><testcase classname="backend.tests.test_onboarding" name="test_profile_missing_industry_as_empty_string" time="0.109" /><testcase classname="backend.tests.test_onboarding" name="test_brief_and_hermes_reply_ru" time="15.881" /><testcase classname="backend.tests.test_onboarding" name="test_get_profile_persists_brief" time="0.169" /><testcase classname="backend.tests.test_onboarding" name="test_get_profile_not_found" time="0.106" /></testsuite></testsuites>