<?xml version="1.0" encoding="utf-8"?><testsuites name="pytest tests"><testsuite name="pytest" errors="0" failures="0" skipped="0" tests="41" time="77.541" timestamp="2026-05-16T05:39:13.863483+00:00" hostname="agent-env-aed66fe7-c812-4c62-a72a-ff7528357021"><testcase classname="backend.tests.backend_test" name="test_health" time="0.225" /><testcase classname="backend.tests.backend_test" name="test_seed_idempotent" time="0.047" /><testcase classname="backend.tests.backend_test" name="test_chat_returns_mock_response" time="3.285" /><testcase classname="backend.tests.backend_test" name="test_session_persistence" time="2.767" /><testcase classname="backend.tests.backend_test" name="test_memory_store_and_search_roundtrip" time="0.097" /><testcase classname="backend.tests.backend_test" name="test_memory_list_seeded" time="0.043" /><testcase classname="backend.tests.backend_test" name="test_mentor_list_employees" time="0.049" /><testcase classname="backend.tests.backend_test" name="test_mentor_patterns_for_junior" time="0.103" /><testcase classname="backend.tests.backend_test" name="test_mentor_employee_summary" time="0.043" /><testcase classname="backend.tests.backend_test" name="test_mentor_record_performance" time="0.045" /><testcase classname="backend.tests.backend_test" name="test_mentor_detect_patterns" time="0.047" /><testcase classname="backend.tests.backend_test" name="test_mentor_recommendation_schema" time="0.045" /><testcase classname="backend.tests.backend_test" name="test_roi_current_has_costs" time="0.048" /><testcase classname="backend.tests.backend_test" name="test_roi_dashboard" time="0.054" /><testcase classname="backend.tests.backend_test" name="test_roi_deal_interaction_attribution" time="0.235" /><testcase classname="backend.tests.backend_test" name="test_alerts_list" time="0.045" /><testcase classname="backend.tests.backend_test" name="test_reliability_assess" time="0.046" /><testcase classname="backend.tests.backend_test" name="test_voice_tts_returns_mp3" time="2.601" /><testcase classname="backend.tests.backend_test" name="test_voice_tts_rejects_empty_text" time="0.043" /><testcase classname="backend.tests.backend_test" name="test_voice_tts_rejects_whitespace_text" time="0.043" /><testcase classname="backend.tests.backend_test" name="test_voice_tts_clamps_voice_and_speed" time="4.288" /><testcase classname="backend.tests.backend_test" name="test_voice_stt_transcribes_audio" time="1.212" /><testcase classname="backend.tests.backend_test" name="test_voice_stt_rejects_empty_file" time="0.043" /><testcase classname="backend.tests.backend_test" name="test_voice_converse_full_loop" time="19.394" /><testcase classname="backend.tests.backend_test" name="test_voice_converse_rejects_empty_file" time="0.047" /><testcase classname="backend.tests.backend_test" name="test_chat_stream_sse_frames" time="5.197" /><testcase classname="backend.tests.backend_test" name="test_cross_dept_detect_sales_support" time="0.122" /><testcase classname="backend.tests.backend_test" name="test_cross_dept_coordinate_multi" time="8.931" /><testcase classname="backend.tests.backend_test" name="test_cross_dept_tasks_list" time="0.047" /><testcase classname="backend.tests.backend_test" name="test_diagnostics_scan_idempotent" time="13.918" /><testcase classname="backend.tests.backend_test" name="test_diagnostics_contradictions_list" time="0.048" /><testcase classname="backend.tests.backend_test" name="test_diagnostics_summary" time="0.045" /><testcase classname="backend.tests.backend_test" name="test_skills_scan_no_crash" time="0.047" /><testcase classname="backend.tests.backend_test" name="test_skills_create_and_list_and_toggle" time="0.223" /><testcase classname="backend.tests.backend_test" name="test_market_ingest_signal_and_list" time="0.096" /><testcase classname="backend.tests.backend_test" name="test_market_ingest_empty_headline_rejected" time="0.043" /><testcase classname="backend.tests.backend_test" name="test_market_scan_returns_digest" time="13.523" /><testcase classname="backend.tests.backend_test" name="test_market_digests_list" time="0.046" /><testcase classname="backend.tests.backend_test" name="test_hermes_health_online" time="0.067" /><testcase classname="backend.tests.backend_test" name="test_hermes_jobs_list" time="0.068" /><testcase classname="backend.tests.backend_test" name="test_hermes_job_create_no_crash" time="0.068" /></testsuite></testsuites>