<?xml version="1.0" encoding="utf-8"?><testsuites name="pytest tests"><testsuite name="pytest" errors="0" failures="0" skipped="0" tests="13" time="50.138" timestamp="2026-05-20T18:01:10.331281+00:00" hostname="agent-env-636206bd-483f-493e-b33d-831318a923b7"><testcase classname="tests.test_p1_documents_and_hermes_tools.TestDocumentsEndpoints" name="test_upload_txt_returns_full_shape" time="17.501" /><testcase classname="tests.test_p1_documents_and_hermes_tools.TestDocumentsEndpoints" name="test_upload_empty_returns_400" time="0.070" /><testcase classname="tests.test_p1_documents_and_hermes_tools.TestDocumentsEndpoints" name="test_upload_too_large_returns_400" time="0.835" /><testcase classname="tests.test_p1_documents_and_hermes_tools.TestDocumentsEndpoints" name="test_list_documents_includes_uploaded" time="0.078" /><testcase classname="tests.test_p1_documents_and_hermes_tools.TestDocumentsEndpoints" name="test_get_document_by_id" time="0.069" /><testcase classname="tests.test_p1_documents_and_hermes_tools.TestDocumentsEndpoints" name="test_get_document_unknown_returns_404" time="0.066" /><testcase classname="tests.test_p1_documents_and_hermes_tools.TestRealHermesTools" name="test_generate_communication_summary_real" time="5.205" /><testcase classname="tests.test_p1_documents_and_hermes_tools.TestRealHermesTools" name="test_suggest_next_best_action_real" time="3.988" /><testcase classname="tests.test_p1_documents_and_hermes_tools.TestRealHermesTools" name="test_find_opportunities_in_contact_real" time="7.244" /><testcase classname="tests.test_p1_documents_and_hermes_tools.TestRealHermesTools" name="test_suggest_reply_template_real" time="6.448" /><testcase classname="tests.test_p1_documents_and_hermes_tools.TestRealHermesTools" name="test_evaluate_action_roi_real" time="8.593" /><testcase classname="tests.test_p1_documents_and_hermes_tools.TestRealHermesTools" name="test_empty_args_rejected" time="0.001" /><testcase classname="tests.test_p1_documents_and_hermes_tools.TestRealHermesTools" name="test_suggest_reply_template_canned_fallback" time="0.001" /></testsuite></testsuites>