<?xml version="1.0" encoding="utf-8"?><testsuites name="pytest tests"><testsuite name="pytest" errors="0" failures="0" skipped="0" tests="12" time="0.209" timestamp="2026-06-27T01:48:43.530402+00:00" hostname="agent-env-583e3706-000a-478f-b045-ff9e7e46a2da"><testcase classname="tests.test_search_memory_loop_guard.TestAgentStateToolCounts" name="test_agent_state_has_tool_counts_field" time="0.001" /><testcase classname="tests.test_search_memory_loop_guard.TestToolsNodeCountsInitialization" name="test_tools_node_initializes_counts_from_empty_state" time="0.001" /><testcase classname="tests.test_search_memory_loop_guard.TestToolsNodeCountsInitialization" name="test_tools_node_preserves_existing_counts" time="0.001" /><testcase classname="tests.test_search_memory_loop_guard.TestToolsNodeIncrementsCount" name="test_tools_node_increments_count_on_first_call" time="0.002" /><testcase classname="tests.test_search_memory_loop_guard.TestSearchMemoryGuard" name="test_search_memory_blocked_on_second_call" time="0.001" /><testcase classname="tests.test_search_memory_loop_guard.TestSearchMemoryGuard" name="test_search_memory_allowed_on_first_call" time="0.001" /><testcase classname="tests.test_search_memory_loop_guard.TestSearchMemoryGuard" name="test_other_tools_not_affected_by_guard" time="0.001" /><testcase classname="tests.test_search_memory_loop_guard.TestToolsNodeReturnPayload" name="test_return_payload_includes_tool_counts" time="0.001" /><testcase classname="tests.test_search_memory_loop_guard.TestToolsNodeReturnPayload" name="test_return_payload_preserves_iterations" time="0.001" /><testcase classname="tests.test_search_memory_loop_guard.TestMaxIterationsUnchanged" name="test_max_iterations_is_3" time="0.000" /><testcase classname="tests.test_search_memory_loop_guard.TestExtractToolCalls" name="test_extract_search_memory_call" time="0.000" /><testcase classname="tests.test_search_memory_loop_guard.TestExtractToolCalls" name="test_extract_ignores_disallowed_tools" time="0.000" /></testsuite></testsuites>