<?xml version="1.0" encoding="utf-8"?><testsuites name="pytest tests"><testsuite name="pytest" errors="0" failures="3" skipped="0" tests="13" time="46.515" timestamp="2026-06-26T11:40:01.189094+00:00" hostname="agent-env-583e3706-000a-478f-b045-ff9e7e46a2da"><testcase classname="tests.test_p0_unification" name="test_hermes_unification_imports_and_tools" time="0.002" /><testcase classname="tests.test_p0_unification" name="test_hermes_chat_returns_pipeline_keys" time="1.278" /><testcase classname="tests.test_p0_unification" name="test_hermes_ultra_returns_pipeline_keys" time="0.004" /><testcase classname="tests.test_p0_unification" name="test_persona_hermes_chat_returns_pipeline_keys" time="0.001" /><testcase classname="tests.test_p0_unification" name="test_voice_converse_pipeline_keys" time="0.006" /><testcase classname="tests.test_p0_unification" name="test_chat_stream_done_keys" time="12.441" /><testcase classname="tests.test_p0_unification" name="test_requests_lists_all_channels" time="0.001" /><testcase classname="tests.test_p0_unification" name="test_roi_current_by_agent_cost_covers_channels" time="0.007"><failure message="AssertionError: by_agent_cost missing/empty: {'hour_start': '2026-06-26T10:40:14.963761+00:00', 'hour_end': '2026-06-26T11:40:14.963761+00:00', 'phase': 'no_activity', 'roi': None, 'total_cost': 0.0, 'total_revenue': 0.0, 'by_type_cost': {}, 'by_agent_cost': {}, 'by_agent_revenue': {}, 'by_agent_roi': {}, 'alert': None, 'company_id': 'demo', 'created_at': '2026-06-26T11:40:14.965686+00:00'}&#10;assert (True and {})&#10; +  where True = isinstance({}, dict)">tests/test_p0_unification.py:392: in test_roi_current_by_agent_cost_covers_channels
    assert isinstance(bac, dict) and bac, f"by_agent_cost missing/empty: {d}"
E   AssertionError: by_agent_cost missing/empty: {'hour_start': '2026-06-26T10:40:14.963761+00:00', 'hour_end': '2026-06-26T11:40:14.963761+00:00', 'phase': 'no_activity', 'roi': None, 'total_cost': 0.0, 'total_revenue': 0.0, 'by_type_cost': {}, 'by_agent_cost': {}, 'by_agent_revenue': {}, 'by_agent_roi': {}, 'alert': None, 'company_id': 'demo', 'created_at': '2026-06-26T11:40:14.965686+00:00'}
E   assert (True and {})
E    +  where True = isinstance({}, dict)</failure></testcase><testcase classname="tests.test_p0_unification" name="test_create_followup_lands_in_tasks_collection" time="0.005" /><testcase classname="tests.test_p0_unification" name="test_documents_upload_response_shape" time="15.624" /><testcase classname="tests.test_p0_unification" name="test_documents_list_and_get" time="0.004"><failure message="AssertionError: assert 0 &gt;= 1&#10; +  where 0 = &lt;built-in method get of dict object at 0xfa62bfa4dbc0&gt;('count', 0)&#10; +    where &lt;built-in method get of dict object at 0xfa62bfa4dbc0&gt; = {'count': 0, 'documents': []}.get">tests/test_p0_unification.py:487: in test_documents_list_and_get
    assert lst.get("count", 0) &gt;= 1
E   AssertionError: assert 0 &gt;= 1
E    +  where 0 = &lt;built-in method get of dict object at 0xfa62bfa4dbc0&gt;('count', 0)
E    +    where &lt;built-in method get of dict object at 0xfa62bfa4dbc0&gt; = {'count': 0, 'documents': []}.get</failure></testcase><testcase classname="tests.test_p0_unification" name="test_mempalace_search_finds_uploaded_document" time="0.712"><failure message="AssertionError: no documents-wing hits for our query; payload={'count': 0, 'results': []}&#10;assert 0 &gt;= 1&#10; +  where 0 = len([])">tests/test_p0_unification.py:513: in test_mempalace_search_finds_uploaded_document
    assert len(hits) &gt;= 1, f"no documents-wing hits for our query; payload={d}"
E   AssertionError: no documents-wing hits for our query; payload={'count': 0, 'results': []}
E   assert 0 &gt;= 1
E    +  where 0 = len([])</failure></testcase><testcase classname="tests.test_p0_unification" name="test_persona_compliance_uses_documents_wing" time="16.261" /></testsuite></testsuites>