<?xml version="1.0" encoding="utf-8"?><testsuites name="pytest tests"><testsuite name="pytest" errors="0" failures="0" skipped="0" tests="16" time="20.281" timestamp="2026-06-04T12:34:07.186479+00:00" hostname="agent-env-59b1c5a6-2a07-4ea4-83b9-b24390d56f81"><testcase classname="backend.tests.test_onboarding" name="test_funnel_stats" time="0.349" /><testcase classname="backend.tests.test_onboarding" name="test_insight_static_en_ecommerce" time="0.202" /><testcase classname="backend.tests.test_onboarding" name="test_insight_llm_fallback_ru" time="1.274" /><testcase classname="backend.tests.test_onboarding" name="test_verify_code_valid" time="0.151" /><testcase classname="backend.tests.test_onboarding" name="test_verify_code_unknown" time="0.120" /><testcase classname="backend.tests.test_onboarding" name="test_verify_code_format" time="0.107" /><testcase classname="backend.tests.test_onboarding" name="test_profile_save_with_access_code" time="0.385" /><testcase classname="backend.tests.test_onboarding" name="test_profile_save_without_access_code" time="0.150" /><testcase classname="backend.tests.test_onboarding" name="test_profile_missing_required_field" time="0.107" /><testcase classname="backend.tests.test_onboarding" name="test_profile_missing_industry_as_empty_string" time="0.100" /><testcase classname="backend.tests.test_onboarding" name="test_brief_and_hermes_reply_ru" time="5.018" /><testcase classname="backend.tests.test_onboarding" name="test_get_profile_persists_brief" time="0.137" /><testcase classname="backend.tests.test_onboarding" name="test_get_profile_not_found" time="0.123" /><testcase classname="backend.tests.test_onboarding" name="test_brief_cta_by_urgency[warm-\u0434\u0435\u043c\u043e]" time="5.992" /><testcase classname="backend.tests.test_onboarding" name="test_brief_cta_by_urgency[cold-\u0421\u043b\u0435\u0434\u0438\u0442\u044c]" time="5.776" /><testcase classname="backend.tests.test_onboarding" name="test_profile_save_with_new_9q_schema" time="0.233" /></testsuite></testsuites>