<?xml version="1.0" encoding="utf-8"?><testsuites name="pytest tests"><testsuite name="pytest" errors="0" failures="0" skipped="0" tests="38" time="63.016" timestamp="2026-05-16T03:03:57.140671+00:00" hostname="agent-env-d2cbac61-8e98-43a4-a5d4-d255a053a3e7"><testcase classname="backend.tests.backend_test" name="test_health" time="0.166" /><testcase classname="backend.tests.backend_test" name="test_seed_idempotent" time="0.050" /><testcase classname="backend.tests.backend_test" name="test_chat_returns_mock_response" time="5.518" /><testcase classname="backend.tests.backend_test" name="test_session_persistence" time="3.765" /><testcase classname="backend.tests.backend_test" name="test_memory_store_and_search_roundtrip" time="0.143" /><testcase classname="backend.tests.backend_test" name="test_memory_list_seeded" time="0.050" /><testcase classname="backend.tests.backend_test" name="test_mentor_list_employees" time="0.050" /><testcase classname="backend.tests.backend_test" name="test_mentor_patterns_for_junior" time="0.099" /><testcase classname="backend.tests.backend_test" name="test_mentor_employee_summary" time="0.056" /><testcase classname="backend.tests.backend_test" name="test_mentor_record_performance" time="0.048" /><testcase classname="backend.tests.backend_test" name="test_mentor_detect_patterns" time="0.050" /><testcase classname="backend.tests.backend_test" name="test_mentor_recommendation_schema" time="0.052" /><testcase classname="backend.tests.backend_test" name="test_roi_current_has_costs" time="0.051" /><testcase classname="backend.tests.backend_test" name="test_roi_dashboard" time="0.055" /><testcase classname="backend.tests.backend_test" name="test_roi_deal_interaction_attribution" time="0.196" /><testcase classname="backend.tests.backend_test" name="test_alerts_list" time="0.049" /><testcase classname="backend.tests.backend_test" name="test_reliability_assess" time="0.050" /><testcase classname="backend.tests.backend_test" name="test_voice_tts_returns_mp3" time="1.377" /><testcase classname="backend.tests.backend_test" name="test_voice_tts_rejects_empty_text" time="0.045" /><testcase classname="backend.tests.backend_test" name="test_voice_tts_rejects_whitespace_text" time="0.047" /><testcase classname="backend.tests.backend_test" name="test_voice_tts_clamps_voice_and_speed" time="1.737" /><testcase classname="backend.tests.backend_test" name="test_voice_stt_transcribes_audio" time="1.741" /><testcase classname="backend.tests.backend_test" name="test_voice_stt_rejects_empty_file" time="0.045" /><testcase classname="backend.tests.backend_test" name="test_voice_converse_full_loop" time="7.100" /><testcase classname="backend.tests.backend_test" name="test_voice_converse_rejects_empty_file" time="0.045" /><testcase classname="backend.tests.backend_test" name="test_chat_stream_sse_frames" time="2.873" /><testcase classname="backend.tests.backend_test" name="test_cross_dept_detect_sales_support" time="0.138" /><testcase classname="backend.tests.backend_test" name="test_cross_dept_coordinate_multi" time="6.719" /><testcase classname="backend.tests.backend_test" name="test_cross_dept_tasks_list" time="0.055" /><testcase classname="backend.tests.backend_test" name="test_diagnostics_scan_idempotent" time="20.184" /><testcase classname="backend.tests.backend_test" name="test_diagnostics_contradictions_list" time="0.049" /><testcase classname="backend.tests.backend_test" name="test_diagnostics_summary" time="0.049" /><testcase classname="backend.tests.backend_test" name="test_skills_scan_no_crash" time="0.052" /><testcase classname="backend.tests.backend_test" name="test_skills_create_and_list_and_toggle" time="0.253" /><testcase classname="backend.tests.backend_test" name="test_market_ingest_signal_and_list" time="0.099" /><testcase classname="backend.tests.backend_test" name="test_market_ingest_empty_headline_rejected" time="0.075" /><testcase classname="backend.tests.backend_test" name="test_market_scan_returns_digest" time="9.753" /><testcase classname="backend.tests.backend_test" name="test_market_digests_list" time="0.062" /></testsuite></testsuites>