<?xml version="1.0" encoding="utf-8"?><testsuites name="pytest tests"><testsuite name="pytest" errors="0" failures="0" skipped="0" tests="14" time="5.073" timestamp="2026-06-26T07:35:32.862952+00:00" hostname="agent-env-583e3706-000a-478f-b045-ff9e7e46a2da"><testcase classname="tests.test_security_owner_check_http.TestAlertsAuthentication" name="test_alerts_requires_auth" time="0.003" /><testcase classname="tests.test_security_owner_check_http.TestAlertsAuthentication" name="test_alerts_with_invalid_token_returns_401" time="0.002" /><testcase classname="tests.test_security_owner_check_http.TestAlertsAuthentication" name="test_alerts_admin_token_alone_not_sufficient" time="0.002" /><testcase classname="tests.test_security_owner_check_http.TestSessionsAuthentication" name="test_sessions_requires_auth" time="0.001" /><testcase classname="tests.test_security_owner_check_http.TestSessionsAuthentication" name="test_sessions_with_invalid_token_returns_401" time="0.002" /><testcase classname="tests.test_security_owner_check_http.TestSessionsAuthentication" name="test_sessions_admin_token_alone_not_sufficient" time="0.002" /><testcase classname="tests.test_security_owner_check_http.TestPublicPathsRemainPublic" name="test_health_is_public" time="0.002" /><testcase classname="tests.test_security_owner_check_http.TestPublicPathsRemainPublic" name="test_chat_is_public" time="5.008" /><testcase classname="tests.test_security_owner_check_http.TestPublicPathsRemainPublic" name="test_auth_session_is_public" time="0.002" /><testcase classname="tests.test_security_owner_check_http.TestProtectedEndpointsRequireAuth" name="test_requests_requires_auth" time="0.001" /><testcase classname="tests.test_security_owner_check_http.TestProtectedEndpointsRequireAuth" name="test_memory_store_requires_auth" time="0.001" /><testcase classname="tests.test_security_owner_check_http.TestProtectedEndpointsRequireAuth" name="test_roi_dashboard_requires_auth" time="0.001" /><testcase classname="tests.test_security_owner_check_http.TestProtectedEndpointsRequireAuth" name="test_mentor_employees_requires_auth" time="0.001" /><testcase classname="tests.test_security_owner_check_http.TestProtectedEndpointsRequireAuth" name="test_seed_requires_admin" time="0.001" /></testsuite></testsuites>